# JRE version: Java(TM) SE Runtime Environment (8.0_311-b11) (build 1.8.0_311-b11)
# Java VM: Java HotSpot(TM) 64-Bit Server VM (25.311-b11 mixed mode windows-amd64 compressed oops)
Heap:
 PSYoungGen      total 37888K, used 2329K [0x00000000d6400000, 0x00000000d8e00000, 0x0000000100000000)
  eden space 32768K, 7% used [0x00000000d6400000,0x00000000d6646740,0x00000000d8400000)
  from space 5120K, 0% used [0x00000000d8900000,0x00000000d8900000,0x00000000d8e00000)
  to   space 5120K, 0% used [0x00000000d8400000,0x00000000d8400000,0x00000000d8900000)
 ParOldGen       total 93184K, used 22204K [0x0000000082c00000, 0x0000000088700000, 0x00000000d6400000)
  object space 93184K, 23% used [0x0000000082c00000,0x00000000841af280,0x0000000088700000)
 Metaspace       used 20383K, capacity 21390K, committed 21632K, reserved 1069056K
  class space    used 2658K, capacity 2921K, committed 2944K, reserved 1048576K
GC Heap History (10 events):
Event: 1.597 GC heap before
{Heap before GC invocations=1 (full 0):
 PSYoungGen      total 37888K, used 32768K [0x00000000d6400000, 0x00000000d8e00000, 0x0000000100000000)
  eden space 32768K, 100% used [0x00000000d6400000,0x00000000d8400000,0x00000000d8400000)
  from space 5120K, 0% used [0x00000000d8900000,0x00000000d8900000,0x00000000d8e00000)
  to   space 5120K, 0% used [0x00000000d8400000,0x00000000d8400000,0x00000000d8900000)
 ParOldGen       total 86016K, used 0K [0x0000000082c00000, 0x0000000088000000, 0x00000000d6400000)
  object space 86016K, 0% used [0x0000000082c00000,0x0000000082c00000,0x0000000088000000)
 Metaspace       used 10622K, capacity 10914K, committed 11136K, reserved 1058816K
  class space    used 1269K, capacity 1381K, committed 1408K, reserved 1048576K
Event: 1.606 GC heap after
Heap after GC invocations=1 (full 0):
 PSYoungGen      total 37888K, used 5119K [0x00000000d6400000, 0x00000000d8e00000, 0x0000000100000000)
  eden space 32768K, 0% used [0x00000000d6400000,0x00000000d6400000,0x00000000d8400000)
  from space 5120K, 99% used [0x00000000d8400000,0x00000000d88ffef8,0x00000000d8900000)
  to   space 5120K, 0% used [0x00000000d8900000,0x00000000d8900000,0x00000000d8e00000)
 ParOldGen       total 86016K, used 913K [0x0000000082c00000, 0x0000000088000000, 0x00000000d6400000)
  object space 86016K, 1% used [0x0000000082c00000,0x0000000082ce4738,0x0000000088000000)
 Metaspace       used 10622K, capacity 10914K, committed 11136K, reserved 1058816K
  class space    used 1269K, capacity 1381K, committed 1408K, reserved 1048576K
}
Event: 3.331 GC heap before
{Heap before GC invocations=2 (full 0):
 PSYoungGen      total 37888K, used 37887K [0x00000000d6400000, 0x00000000d8e00000, 0x0000000100000000)
  eden space 32768K, 100% used [0x00000000d6400000,0x00000000d8400000,0x00000000d8400000)
  from space 5120K, 99% used [0x00000000d8400000,0x00000000d88ffef8,0x00000000d8900000)
  to   space 5120K, 0% used [0x00000000d8900000,0x00000000d8900000,0x00000000d8e00000)
 ParOldGen       total 86016K, used 913K [0x0000000082c00000, 0x0000000088000000, 0x00000000d6400000)
  object space 86016K, 1% used [0x0000000082c00000,0x0000000082ce4738,0x0000000088000000)
 Metaspace       used 17367K, capacity 18142K, committed 18432K, reserved 1064960K
  class space    used 2210K, capacity 2441K, committed 2560K, reserved 1048576K
Event: 3.343 GC heap after
Heap after GC invocations=2 (full 0):
 PSYoungGen      total 37888K, used 5088K [0x00000000d6400000, 0x00000000d8e00000, 0x0000000100000000)
  eden space 32768K, 0% used [0x00000000d6400000,0x00000000d6400000,0x00000000d8400000)
  from space 5120K, 99% used [0x00000000d8900000,0x00000000d8df8360,0x00000000d8e00000)
  to   space 5120K, 0% used [0x00000000d8400000,0x00000000d8400000,0x00000000d8900000)
 ParOldGen       total 86016K, used 3585K [0x0000000082c00000, 0x0000000088000000, 0x00000000d6400000)
  object space 86016K, 4% used [0x0000000082c00000,0x0000000082f80550,0x0000000088000000)
 Metaspace       used 17367K, capacity 18142K, committed 18432K, reserved 1064960K
  class space    used 2210K, capacity 2441K, committed 2560K, reserved 1048576K
}
Event: 4.960 GC heap before
{Heap before GC invocations=3 (full 0):
 PSYoungGen      total 37888K, used 37856K [0x00000000d6400000, 0x00000000d8e00000, 0x0000000100000000)
  eden space 32768K, 100% used [0x00000000d6400000,0x00000000d8400000,0x00000000d8400000)
  from space 5120K, 99% used [0x00000000d8900000,0x00000000d8df8360,0x00000000d8e00000)
  to   space 5120K, 0% used [0x00000000d8400000,0x00000000d8400000,0x00000000d8900000)
 ParOldGen       total 86016K, used 3585K [0x0000000082c00000, 0x0000000088000000, 0x00000000d6400000)
  object space 86016K, 4% used [0x0000000082c00000,0x0000000082f80550,0x0000000088000000)
 Metaspace       used 20117K, capacity 21034K, committed 21120K, reserved 1067008K
  class space    used 2619K, capacity 2869K, committed 2944K, reserved 1048576K
Event: 4.975 GC heap after
Heap after GC invocations=3 (full 0):
 PSYoungGen      total 37888K, used 5088K [0x00000000d6400000, 0x00000000d8e00000, 0x0000000100000000)
  eden space 32768K, 0% used [0x00000000d6400000,0x00000000d6400000,0x00000000d8400000)
  from space 5120K, 99% used [0x00000000d8400000,0x00000000d88f8050,0x00000000d8900000)
  to   space 5120K, 0% used [0x00000000d8900000,0x00000000d8900000,0x00000000d8e00000)
 ParOldGen       total 86016K, used 22351K [0x0000000082c00000, 0x0000000088000000, 0x00000000d6400000)
  object space 86016K, 25% used [0x0000000082c00000,0x00000000841d3d10,0x0000000088000000)
 Metaspace       used 20117K, capacity 21034K, committed 21120K, reserved 1067008K
  class space    used 2619K, capacity 2869K, committed 2944K, reserved 1048576K
}
Event: 5.683 GC heap before
{Heap before GC invocations=4 (full 0):
 PSYoungGen      total 37888K, used 7141K [0x00000000d6400000, 0x00000000d8e00000, 0x0000000100000000)
  eden space 32768K, 6% used [0x00000000d6400000,0x00000000d66015e0,0x00000000d8400000)
  from space 5120K, 99% used [0x00000000d8400000,0x00000000d88f8050,0x00000000d8900000)
  to   space 5120K, 0% used [0x00000000d8900000,0x00000000d8900000,0x00000000d8e00000)
 ParOldGen       total 86016K, used 22351K [0x0000000082c00000, 0x0000000088000000, 0x00000000d6400000)
  object space 86016K, 25% used [0x0000000082c00000,0x00000000841d3d10,0x0000000088000000)
 Metaspace       used 20310K, capacity 21204K, committed 21296K, reserved 1067008K
  class space    used 2642K, capacity 2880K, committed 2944K, reserved 1048576K
Event: 5.697 GC heap after
Heap after GC invocations=4 (full 0):
 PSYoungGen      total 37888K, used 5104K [0x00000000d6400000, 0x00000000d8e00000, 0x0000000100000000)
  eden space 32768K, 0% used [0x00000000d6400000,0x00000000d6400000,0x00000000d8400000)
  from space 5120K, 99% used [0x00000000d8900000,0x00000000d8dfc040,0x00000000d8e00000)
  to   space 5120K, 0% used [0x00000000d8400000,0x00000000d8400000,0x00000000d8900000)
 ParOldGen       total 86016K, used 22508K [0x0000000082c00000, 0x0000000088000000, 0x00000000d6400000)
  object space 86016K, 26% used [0x0000000082c00000,0x00000000841fb168,0x0000000088000000)
 Metaspace       used 20310K, capacity 21204K, committed 21296K, reserved 1067008K
  class space    used 2642K, capacity 2880K, committed 2944K, reserved 1048576K
}
Event: 5.697 GC heap before
{Heap before GC invocations=5 (full 1):
 PSYoungGen      total 37888K, used 5104K [0x00000000d6400000, 0x00000000d8e00000, 0x0000000100000000)
  eden space 32768K, 0% used [0x00000000d6400000,0x00000000d6400000,0x00000000d8400000)
  from space 5120K, 99% used [0x00000000d8900000,0x00000000d8dfc040,0x00000000d8e00000)
  to   space 5120K, 0% used [0x00000000d8400000,0x00000000d8400000,0x00000000d8900000)
 ParOldGen       total 86016K, used 22508K [0x0000000082c00000, 0x0000000088000000, 0x00000000d6400000)
  object space 86016K, 26% used [0x0000000082c00000,0x00000000841fb168,0x0000000088000000)
 Metaspace       used 20310K, capacity 21204K, committed 21296K, reserved 1067008K
  class space    used 2642K, capacity 2880K, committed 2944K, reserved 1048576K
Event: 5.769 GC heap after
Heap after GC invocations=5 (full 1):
 PSYoungGen      total 37888K, used 0K [0x00000000d6400000, 0x00000000d8e00000, 0x0000000100000000)
  eden space 32768K, 0% used [0x00000000d6400000,0x00000000d6400000,0x00000000d8400000)
  from space 5120K, 0% used [0x00000000d8900000,0x00000000d8900000,0x00000000d8e00000)
  to   space 5120K, 0% used [0x00000000d8400000,0x00000000d8400000,0x00000000d8900000)
 ParOldGen       total 93184K, used 22204K [0x0000000082c00000, 0x0000000088700000, 0x00000000d6400000)
  object space 93184K, 23% used [0x0000000082c00000,0x00000000841af280,0x0000000088700000)
 Metaspace       used 20310K, capacity 21204K, committed 21296K, reserved 1067008K
  class space    used 2642K, capacity 2880K, committed 2944K, reserved 1048576K
}

